<?xml version="1.0" encoding="UTF-8" ?>
<testsuite tests="100" failures="0" name="core.JUnit.AllTests" time="0.03" errors="0" skipped="0">
  <properties>
[...]
</properties>
  <testcase classname="core.JUnit.PNCTest" name="testPNC[Iteration # 0: Number: 1; isPrime? true]" time="0.002"/>
  <testcase classname="core.JUnit.PNCTest" name="testPNC[Iteration # 1: Number: 2; isPrime? true]" time="0"/>
  <testcase classname="core.JUnit.PNCTest" name="testPNC[Iteration # 2: Number: 3; isPrime? true]" time="0.001"/>
  <testcase classname="core.JUnit.PNCTest" name="testPNC[Iteration # 3: Number: 4; isPrime? true]" time="0"/>
  <testcase classname="core.JUnit.PNCTest" name="testPNC[Iteration # 4: Number: 5; isPrime? true]" time="0"/>
  <testcase classname="core.JUnit.PNCTest" name="testPNC[Iteration # 5: Number: 6; isPrime? false]" time="0"/>
  <testcase classname="core.JUnit.PNCTest" name="testPNC[Iteration # 6: Number: 7; isPrime? true]" time="0"/>
  <testcase classname="core.JUnit.PNCTest" name="testPNC[Iteration # 7: Number: 8; isPrime? false]" time="0.001"/>
  <testcase classname="core.JUnit.PNCTest" name="testPNC[Iteration # 8: Number: 9; isPrime? false]" time="0"/>
  <testcase classname="core.JUnit.PNCTest" name="testPNC[Iteration # 9: Number: 10; isPrime? false]" time="0"/>
  <testcase classname="core.JUnit.PNCTest" name="testPNC[Iteration # 10: Number: 11; isPrime? true]" time="0.001"/>
  <testcase classname="core.JUnit.PNCTest" name="testPNC[Iteration # 11: Number: 12; isPrime? false]" time="0"/>
  <testcase classname="core.JUnit.PNCTest" name="testPNC[Iteration # 12: Number: 13; isPrime? true]" time="0"/>
  <testcase classname="core.JUnit.PNCTest" name="testPNC[Iteration # 13: Number: 14; isPrime? false]" time="0.001"/>
  <testcase classname="core.JUnit.PNCTest" name="testPNC[Iteration # 14: Number: 15; isPrime? false]" time="0"/>
  <testcase classname="core.JUnit.PNCTest" name="testPNC[Iteration # 15: Number: 16; isPrime? false]" time="0"/>
  <testcase classname="core.JUnit.PNCTest" name="testPNC[Iteration # 16: Number: 17; isPrime? true]" time="0.001"/>
  <testcase classname="core.JUnit.PNCTest" name="testPNC[Iteration # 17: Number: 18; isPrime? false]" time="0"/>
  <testcase classname="core.JUnit.PNCTest" name="testPNC[Iteration # 18: Number: 19; isPrime? true]" time="0"/>
  <testcase classname="core.JUnit.PNCTest" name="testPNC[Iteration # 19: Number: 20; isPrime? false]" time="0"/>
  <testcase classname="core.JUnit.PNCTest" name="testPNC[Iteration # 20: Number: 21; isPrime? false]" time="0.001"/>
  <testcase classname="core.JUnit.PNCTest" name="testPNC[Iteration # 21: Number: 22; isPrime? false]" time="0"/>
  <testcase classname="core.JUnit.PNCTest" name="testPNC[Iteration # 22: Number: 23; isPrime? true]" time="0"/>
  <testcase classname="core.JUnit.PNCTest" name="testPNC[Iteration # 23: Number: 24; isPrime? false]" time="0"/>
  <testcase classname="core.JUnit.PNCTest" name="testPNC[Iteration # 24: Number: 25; isPrime? false]" time="0"/>
  <testcase classname="core.JUnit.PNCTest" name="testPNC[Iteration # 25: Number: 26; isPrime? false]" time="0"/>
  <testcase classname="core.JUnit.PNCTest" name="testPNC[Iteration # 26: Number: 27; isPrime? false]" time="0.001"/>
  <testcase classname="core.JUnit.PNCTest" name="testPNC[Iteration # 27: Number: 28; isPrime? false]" time="0"/>
  <testcase classname="core.JUnit.PNCTest" name="testPNC[Iteration # 28: Number: 29; isPrime? true]" time="0"/>
  <testcase classname="core.JUnit.PNCTest" name="testPNC[Iteration # 29: Number: 30; isPrime? false]" time="0.001"/>
  <testcase classname="core.JUnit.PNCTest" name="testPNC[Iteration # 30: Number: 31; isPrime? true]" time="0.001"/>
  <testcase classname="core.JUnit.PNCTest" name="testPNC[Iteration # 31: Number: 32; isPrime? false]" time="0"/>
  <testcase classname="core.JUnit.PNCTest" name="testPNC[Iteration # 32: Number: 33; isPrime? false]" time="0"/>
  <testcase classname="core.JUnit.PNCTest" name="testPNC[Iteration # 33: Number: 34; isPrime? false]" time="0.001"/>
  <testcase classname="core.JUnit.PNCTest" name="testPNC[Iteration # 34: Number: 35; isPrime? false]" time="0"/>
  <testcase classname="core.JUnit.PNCTest" name="testPNC[Iteration # 35: Number: 36; isPrime? false]" time="0.001"/>
  <testcase classname="core.JUnit.PNCTest" name="testPNC[Iteration # 36: Number: 37; isPrime? true]" time="0"/>
  <testcase classname="core.JUnit.PNCTest" name="testPNC[Iteration # 37: Number: 38; isPrime? false]" time="0"/>
  <testcase classname="core.JUnit.PNCTest" name="testPNC[Iteration # 38: Number: 39; isPrime? false]" time="0"/>
  <testcase classname="core.JUnit.PNCTest" name="testPNC[Iteration # 39: Number: 40; isPrime? false]" time="0.001"/>
  <testcase classname="core.JUnit.PNCTest" name="testPNC[Iteration # 40: Number: 41; isPrime? true]" time="0"/>
  <testcase classname="core.JUnit.PNCTest" name="testPNC[Iteration # 41: Number: 42; isPrime? false]" time="0"/>
  <testcase classname="core.JUnit.PNCTest" name="testPNC[Iteration # 42: Number: 43; isPrime? true]" time="0"/>
  <testcase classname="core.JUnit.PNCTest" name="testPNC[Iteration # 43: Number: 44; isPrime? false]" time="0"/>
  <testcase classname="core.JUnit.PNCTest" name="testPNC[Iteration # 44: Number: 45; isPrime? false]" time="0"/>
  <testcase classname="core.JUnit.PNCTest" name="testPNC[Iteration # 45: Number: 46; isPrime? false]" time="0"/>
  <testcase classname="core.JUnit.PNCTest" name="testPNC[Iteration # 46: Number: 47; isPrime? true]" time="0"/>
  <testcase classname="core.JUnit.PNCTest" name="testPNC[Iteration # 47: Number: 48; isPrime? false]" time="0"/>
  <testcase classname="core.JUnit.PNCTest" name="testPNC[Iteration # 48: Number: 49; isPrime? false]" time="0"/>
  <testcase classname="core.JUnit.PNCTest" name="testPNC[Iteration # 49: Number: 50; isPrime? false]" time="0"/>
  <testcase classname="core.JUnit.PNCTest" name="testPNC[Iteration # 50: Number: 51; isPrime? false]" time="0"/>
  <testcase classname="core.JUnit.PNCTest" name="testPNC[Iteration # 51: Number: 52; isPrime? false]" time="0"/>
  <testcase classname="core.JUnit.PNCTest" name="testPNC[Iteration # 52: Number: 53; isPrime? true]" time="0"/>
  <testcase classname="core.JUnit.PNCTest" name="testPNC[Iteration # 53: Number: 54; isPrime? false]" time="0"/>
  <testcase classname="core.JUnit.PNCTest" name="testPNC[Iteration # 54: Number: 55; isPrime? false]" time="0"/>
  <testcase classname="core.JUnit.PNCTest" name="testPNC[Iteration # 55: Number: 56; isPrime? false]" time="0"/>
  <testcase classname="core.JUnit.PNCTest" name="testPNC[Iteration # 56: Number: 57; isPrime? false]" time="0"/>
  <testcase classname="core.JUnit.PNCTest" name="testPNC[Iteration # 57: Number: 58; isPrime? false]" time="0"/>
  <testcase classname="core.JUnit.PNCTest" name="testPNC[Iteration # 58: Number: 59; isPrime? true]" time="0"/>
  <testcase classname="core.JUnit.PNCTest" name="testPNC[Iteration # 59: Number: 60; isPrime? false]" time="0"/>
  <testcase classname="core.JUnit.PNCTest" name="testPNC[Iteration # 60: Number: 61; isPrime? true]" time="0"/>
  <testcase classname="core.JUnit.PNCTest" name="testPNC[Iteration # 61: Number: 62; isPrime? false]" time="0"/>
  <testcase classname="core.JUnit.PNCTest" name="testPNC[Iteration # 62: Number: 63; isPrime? false]" time="0"/>
  <testcase classname="core.JUnit.PNCTest" name="testPNC[Iteration # 63: Number: 64; isPrime? false]" time="0"/>
  <testcase classname="core.JUnit.PNCTest" name="testPNC[Iteration # 64: Number: 65; isPrime? false]" time="0"/>
  <testcase classname="core.JUnit.PNCTest" name="testPNC[Iteration # 65: Number: 66; isPrime? false]" time="0"/>
  <testcase classname="core.JUnit.PNCTest" name="testPNC[Iteration # 66: Number: 67; isPrime? true]" time="0"/>
  <testcase classname="core.JUnit.PNCTest" name="testPNC[Iteration # 67: Number: 68; isPrime? false]" time="0"/>
  <testcase classname="core.JUnit.PNCTest" name="testPNC[Iteration # 68: Number: 69; isPrime? false]" time="0"/>
  <testcase classname="core.JUnit.PNCTest" name="testPNC[Iteration # 69: Number: 70; isPrime? false]" time="0"/>
  <testcase classname="core.JUnit.PNCTest" name="testPNC[Iteration # 70: Number: 71; isPrime? true]" time="0"/>
  <testcase classname="core.JUnit.PNCTest" name="testPNC[Iteration # 71: Number: 72; isPrime? false]" time="0"/>
  <testcase classname="core.JUnit.PNCTest" name="testPNC[Iteration # 72: Number: 73; isPrime? true]" time="0"/>
  <testcase classname="core.JUnit.PNCTest" name="testPNC[Iteration # 73: Number: 74; isPrime? false]" time="0"/>
  <testcase classname="core.JUnit.PNCTest" name="testPNC[Iteration # 74: Number: 75; isPrime? false]" time="0"/>
  <testcase classname="core.JUnit.PNCTest" name="testPNC[Iteration # 75: Number: 76; isPrime? false]" time="0"/>
  <testcase classname="core.JUnit.PNCTest" name="testPNC[Iteration # 76: Number: 77; isPrime? false]" time="0"/>
  <testcase classname="core.JUnit.PNCTest" name="testPNC[Iteration # 77: Number: 78; isPrime? false]" time="0"/>
  <testcase classname="core.JUnit.PNCTest" name="testPNC[Iteration # 78: Number: 79; isPrime? true]" time="0"/>
  <testcase classname="core.JUnit.PNCTest" name="testPNC[Iteration # 79: Number: 80; isPrime? false]" time="0"/>
  <testcase classname="core.JUnit.PNCTest" name="testPNC[Iteration # 80: Number: 81; isPrime? false]" time="0"/>
  <testcase classname="core.JUnit.PNCTest" name="testPNC[Iteration # 81: Number: 82; isPrime? false]" time="0"/>
  <testcase classname="core.JUnit.PNCTest" name="testPNC[Iteration # 82: Number: 83; isPrime? true]" time="0"/>
  <testcase classname="core.JUnit.PNCTest" name="testPNC[Iteration # 83: Number: 84; isPrime? false]" time="0.016"/>
  <testcase classname="core.JUnit.PNCTest" name="testPNC[Iteration # 84: Number: 85; isPrime? false]" time="0"/>
  <testcase classname="core.JUnit.PNCTest" name="testPNC[Iteration # 85: Number: 86; isPrime? false]" time="0"/>
  <testcase classname="core.JUnit.PNCTest" name="testPNC[Iteration # 86: Number: 87; isPrime? false]" time="0"/>
  <testcase classname="core.JUnit.PNCTest" name="testPNC[Iteration # 87: Number: 88; isPrime? false]" time="0"/>
  <testcase classname="core.JUnit.PNCTest" name="testPNC[Iteration # 88: Number: 89; isPrime? true]" time="0"/>
  <testcase classname="core.JUnit.PNCTest" name="testPNC[Iteration # 89: Number: 90; isPrime? false]" time="0"/>
  <testcase classname="core.JUnit.PNCTest" name="testPNC[Iteration # 90: Number: 91; isPrime? false]" time="0"/>
  <testcase classname="core.JUnit.PNCTest" name="testPNC[Iteration # 91: Number: 92; isPrime? false]" time="0"/>
  <testcase classname="core.JUnit.PNCTest" name="testPNC[Iteration # 92: Number: 93; isPrime? false]" time="0"/>
  <testcase classname="core.JUnit.PNCTest" name="testPNC[Iteration # 93: Number: 94; isPrime? false]" time="0"/>
  <testcase classname="core.JUnit.PNCTest" name="testPNC[Iteration # 94: Number: 95; isPrime? false]" time="0"/>
  <testcase classname="core.JUnit.PNCTest" name="testPNC[Iteration # 95: Number: 96; isPrime? false]" time="0"/>
  <testcase classname="core.JUnit.PNCTest" name="testPNC[Iteration # 96: Number: 97; isPrime? true]" time="0"/>
  <testcase classname="core.JUnit.PNCTest" name="testPNC[Iteration # 97: Number: 98; isPrime? false]" time="0"/>
  <testcase classname="core.JUnit.PNCTest" name="testPNC[Iteration # 98: Number: 99; isPrime? false]" time="0"/>
  <testcase classname="core.JUnit.PNCTest" name="testPNC[Iteration # 99: Number: 100; isPrime? false]" time="0"/>
</testsuite>